[26-Aug-2021 14:30:32 UTC] PHP Fatal error:  Uncaught Error: Call to undefined function gymfitness_lista_clases() in C:\Users\Marina\Local Sites\challenge\app\public\wp-content\themes\challenge\front-page.php:11
Stack trace:
#0 C:\Users\Marina\Local Sites\challenge\app\public\wp-includes\template-loader.php(106): include()
#1 C:\Users\Marina\Local Sites\challenge\app\public\wp-blog-header.php(19): require_once('C:\\Users\\Marina...')
#2 C:\Users\Marina\Local Sites\challenge\app\public\index.php(17): require('C:\\Users\\Marina...')
#3 {main}
  thrown in C:\Users\Marina\Local Sites\challenge\app\public\wp-content\themes\challenge\front-page.php on line 11
[26-Aug-2021 17:26:36 UTC] PHP Fatal error:  Uncaught Error: Call to undefined function gymfitness_lista_clases() in C:\Users\Marina\Local Sites\challenge\app\public\wp-content\themes\challenge\front-page.php:11
Stack trace:
#0 C:\Users\Marina\Local Sites\challenge\app\public\wp-includes\template-loader.php(106): include()
#1 C:\Users\Marina\Local Sites\challenge\app\public\wp-blog-header.php(19): require_once('C:\\Users\\Marina...')
#2 C:\Users\Marina\Local Sites\challenge\app\public\index.php(17): require('C:\\Users\\Marina...')
#3 {main}
  thrown in C:\Users\Marina\Local Sites\challenge\app\public\wp-content\themes\challenge\front-page.php on line 11
[26-Aug-2021 22:33:35 UTC] PHP Fatal error:  Uncaught Error: Call to undefined function gymfitness_lista_clases() in C:\Users\Marina\Local Sites\challenge\app\public\wp-content\themes\challenge\front-page.php:11
Stack trace:
#0 C:\Users\Marina\Local Sites\challenge\app\public\wp-includes\template-loader.php(106): include()
#1 C:\Users\Marina\Local Sites\challenge\app\public\wp-blog-header.php(19): require_once('C:\\Users\\Marina...')
#2 C:\Users\Marina\Local Sites\challenge\app\public\index.php(17): require('C:\\Users\\Marina...')
#3 {main}
  thrown in C:\Users\Marina\Local Sites\challenge\app\public\wp-content\themes\challenge\front-page.php on line 11
[26-Aug-2021 23:30:59 UTC] PHP Parse error:  syntax error, unexpected '<' in C:\Users\Marina\Local Sites\challenge\app\public\wp-content\themes\challenge\inc\queries.php on line 21
[26-Aug-2021 23:30:59 UTC] PHP Parse error:  syntax error, unexpected '<' in C:\Users\Marina\Local Sites\challenge\app\public\wp-content\themes\challenge\inc\queries.php on line 21
